<?xml version="1.0" encoding="UTF-8"?>
<!-- Generated by org.testng.reporters.JUnitReportReporter -->
<testsuite hostname="VKeshri-E7470" name="SampleTest.jenkins.Testjen" tests="1" failures="0" timestamp="8 Dec 2017 12:01:12 GMT" time="0.014" errors="0">
  <testcase name="display" time="0.014" classname="SampleTest.jenkins.Testjen"/>
</testsuite> <!-- SampleTest.jenkins.Testjen -->
