<?xml version="1.0" encoding="UTF-8"?>
<!-- Generated by org.testng.reporters.JUnitReportReporter -->
<testsuite skipped="0" hostname="VKeshri-E7470" name="Sam.com.actiance.Teams.OneToOne" tests="1" failures="0" timestamp="23 Oct 2017 13:20:07 GMT" time="37.289" errors="0">
  <testcase name="oneToone" time="37.289" classname="Sam.com.actiance.Teams.OneToOne"/>
</testsuite> <!-- Sam.com.actiance.Teams.OneToOne -->
