<?xml version="1.0" encoding="UTF-8"?>
<!-- Generated by org.testng.reporters.JUnitReportReporter -->
<testsuite skipped="0" hostname="VKeshri-E7470" name="Sam.com.actiance.Teams.NwayConversation" tests="1" failures="0" timestamp="22 Oct 2017 14:49:21 GMT" time="70.932" errors="0">
  <testcase name="oneToone" time="70.932" classname="Sam.com.actiance.Teams.NwayConversation"/>
</testsuite> <!-- Sam.com.actiance.Teams.NwayConversation -->
