<?xml version="1.0" encoding="UTF-8"?>
<!-- Generated by org.testng.reporters.JUnitReportReporter -->
<testsuite skipped="5" hostname="VKeshri-E7470" name="Sam.com.actiance.Teams.ChatChannel" tests="6" failures="0" timestamp="02 Dec 2017 16:27:46 GMT" time="113.108" errors="0">
  <testcase name="ChannelConversation_Number" time="113.108" classname="Sam.com.actiance.Teams.ChatChannel"/>
  <testcase name="ChannelConversation_utf8" classname="Sam.com.actiance.Teams.ChatChannel">
    <skipped/>
  </testcase> <!-- ChannelConversation_utf8 -->
  <testcase name="ChannelConversation_mixed" classname="Sam.com.actiance.Teams.ChatChannel">
    <skipped/>
  </testcase> <!-- ChannelConversation_mixed -->
  <testcase name="ChannelConversation_Smileys" classname="Sam.com.actiance.Teams.ChatChannel">
    <skipped/>
  </testcase> <!-- ChannelConversation_Smileys -->
  <testcase name="ChannelConversation_SmileysMany" classname="Sam.com.actiance.Teams.ChatChannel">
    <skipped/>
  </testcase> <!-- ChannelConversation_SmileysMany -->
  <testcase name="ChannelConversation" classname="Sam.com.actiance.Teams.ChatChannel">
    <skipped/>
  </testcase> <!-- ChannelConversation -->
</testsuite> <!-- Sam.com.actiance.Teams.ChatChannel -->
