<?xml version="1.0" encoding="UTF-8"?>
<!-- Generated by org.testng.reporters.JUnitReportReporter -->
<testsuite skipped="2" hostname="VKeshri-E7470" name="Sam.com.actiance.Teams.smiley" tests="3" failures="0" timestamp="30 Nov 2017 07:56:15 GMT" time="377.806" errors="0">
  <testcase name="OneChatRoom" time="377.806" classname="Sam.com.actiance.Teams.smiley"/>
  <testcase name="ChannelConversation" classname="Sam.com.actiance.Teams.smiley">
    <skipped/>
  </testcase> <!-- ChannelConversation -->
  <testcase name="NwayChat" classname="Sam.com.actiance.Teams.smiley">
    <skipped/>
  </testcase> <!-- NwayChat -->
</testsuite> <!-- Sam.com.actiance.Teams.smiley -->
