<?xml version="1.0" encoding="UTF-8"?>
<!-- Generated by org.testng.reporters.JUnitReportReporter -->
<testsuite skipped="0" hostname="VKeshri-E7470" name="Sam.com.actiance.Teams.test1.Nway" tests="1" failures="0" timestamp="29 Nov 2017 18:01:16 GMT" time="82.265" errors="0">
  <testcase name="Nway" time="82.265" classname="Sam.com.actiance.Teams.test1.Nway"/>
</testsuite> <!-- Sam.com.actiance.Teams.test1.Nway -->
