<?xml version="1.0" encoding="UTF-8"?>
<!-- Generated by org.testng.reporters.JUnitReportReporter -->
<testsuite skipped="3" hostname="VKeshri-E7470" name="Sam.com.actiance.Teams.FinalTestCase" tests="4" failures="0" timestamp="04 Jan 2018 06:16:51 GMT" time="20.388" errors="1">
  <testcase name="NwayChat" time="20.388" classname="Sam.com.actiance.Teams.FinalTestCase">
    <error type="com.microsoft.sqlserver.jdbc.SQLServerException" message="The TCP/IP connection to the host 192.168.117.113, port 1433 has failed. Error: &quot;connect timed out. Verify the connection properties. Make sure that an instance of SQL Server is running on the host and accepting TCP/IP connections at the port. Make sure that TCP connections to the port are not blocked by a firewall.&quot;.">
      <![CDATA[com.microsoft.sqlserver.jdbc.SQLServerException: The TCP/IP connection to the host 192.168.117.113, port 1433 has failed. Error: "connect timed out. Verify the connection properties. Make sure that an instance of SQL Server is running on the host and accepting TCP/IP connections at the port. Make sure that TCP connections to the port are not blocked by a firewall.".
	at com.microsoft.sqlserver.jdbc.SQLServerException.makeFromDriverError(SQLServerException.java:190)
	at com.microsoft.sqlserver.jdbc.SQLServerException.ConvertConnectExceptionToSQLServerException(SQLServerException.java:241)
	at com.microsoft.sqlserver.jdbc.SocketFinder.findSocket(IOBuffer.java:2243)
	at com.microsoft.sqlserver.jdbc.TDSChannel.open(IOBuffer.java:491)
	at com.microsoft.sqlserver.jdbc.SQLServerConnection.connectHelper(SQLServerConnection.java:1309)
	at com.microsoft.sqlserver.jdbc.SQLServerConnection.login(SQLServerConnection.java:991)
	at com.microsoft.sqlserver.jdbc.SQLServerConnection.connect(SQLServerConnection.java:827)
	at com.microsoft.sqlserver.jdbc.SQLServerDriver.connect(SQLServerDriver.java:1012)
	at java.sql.DriverManager.getConnection(Unknown Source)
	at java.sql.DriverManager.getConnection(Unknown Source)
	at Sam.com.actiance.Teams.DatabaseDetails.VantageDBConnectivity(DatabaseDetails.java:36)
	at Sam.com.actiance.Teams.FinalTestCase.NwayChat(FinalTestCase.java:268)
	at sun.reflect.NativeMethodAccessorImpl.invoke0(Native Method)
	at sun.reflect.NativeMethodAccessorImpl.invoke(Unknown Source)
	at sun.reflect.DelegatingMethodAccessorImpl.invoke(Unknown Source)
	at java.lang.reflect.Method.invoke(Unknown Source)
	at org.testng.internal.MethodInvocationHelper.invokeMethod(MethodInvocationHelper.java:108)
	at org.testng.internal.Invoker.invokeMethod(Invoker.java:661)
	at org.testng.internal.Invoker.invokeTestMethod(Invoker.java:869)
	at org.testng.internal.Invoker.invokeTestMethods(Invoker.java:1193)
	at org.testng.internal.TestMethodWorker.invokeTestMethods(TestMethodWorker.java:126)
	at org.testng.internal.TestMethodWorker.run(TestMethodWorker.java:109)
	at org.testng.TestRunner.privateRun(TestRunner.java:744)
	at org.testng.TestRunner.run(TestRunner.java:602)
	at org.testng.SuiteRunner.runTest(SuiteRunner.java:380)
	at org.testng.SuiteRunner.runSequentially(SuiteRunner.java:375)
	at org.testng.SuiteRunner.privateRun(SuiteRunner.java:340)
	at org.testng.SuiteRunner.run(SuiteRunner.java:289)
	at org.testng.SuiteRunnerWorker.runSuite(SuiteRunnerWorker.java:52)
	at org.testng.SuiteRunnerWorker.run(SuiteRunnerWorker.java:86)
	at org.testng.TestNG.runSuitesSequentially(TestNG.java:1301)
	at org.testng.TestNG.runSuitesLocally(TestNG.java:1226)
	at org.testng.TestNG.runSuites(TestNG.java:1144)
	at org.testng.TestNG.run(TestNG.java:1115)
	at org.testng.remote.AbstractRemoteTestNG.run(AbstractRemoteTestNG.java:132)
	at org.testng.remote.RemoteTestNG.initAndRun(RemoteTestNG.java:230)
	at org.testng.remote.RemoteTestNG.main(RemoteTestNG.java:76)
]]>
    </error>
  </testcase> <!-- NwayChat -->
  <testcase name="ChannelConversation" classname="Sam.com.actiance.Teams.FinalTestCase">
    <skipped/>
  </testcase> <!-- ChannelConversation -->
  <testcase name="OneChatRoom_positive" classname="Sam.com.actiance.Teams.FinalTestCase">
    <skipped/>
  </testcase> <!-- OneChatRoom_positive -->
  <testcase name="NwayChat_Positive" classname="Sam.com.actiance.Teams.FinalTestCase">
    <skipped/>
  </testcase> <!-- NwayChat_Positive -->
</testsuite> <!-- Sam.com.actiance.Teams.FinalTestCase -->
