<?xml version="1.0" encoding="UTF-8"?>
<!-- Generated by org.testng.reporters.JUnitReportReporter -->
<testsuite skipped="5" hostname="VKeshri-E7470" name="Sam.com.actiance.Teams.ChatNway" tests="6" failures="0" timestamp="04 Dec 2017 07:39:27 GMT" time="210.467" errors="0">
  <testcase name="NwayChat_hyperlink" time="210.467" classname="Sam.com.actiance.Teams.ChatNway"/>
  <testcase name="NwayChat_Smileys" classname="Sam.com.actiance.Teams.ChatNway">
    <skipped/>
  </testcase> <!-- NwayChat_Smileys -->
  <testcase name="NwayChat_Mixed" classname="Sam.com.actiance.Teams.ChatNway">
    <skipped/>
  </testcase> <!-- NwayChat_Mixed -->
  <testcase name="NwayChat_XML" classname="Sam.com.actiance.Teams.ChatNway">
    <skipped/>
  </testcase> <!-- NwayChat_XML -->
  <testcase name="NwayChat_utf" classname="Sam.com.actiance.Teams.ChatNway">
    <skipped/>
  </testcase> <!-- NwayChat_utf -->
  <testcase name="NwayChat_utf_numbers" classname="Sam.com.actiance.Teams.ChatNway">
    <skipped/>
  </testcase> <!-- NwayChat_utf_numbers -->
</testsuite> <!-- Sam.com.actiance.Teams.ChatNway -->
