<?xml version="1.0" encoding="UTF-8"?>
<!-- Generated by org.testng.reporters.JUnitReportReporter -->
<testsuite hostname="VKeshri-E7470" name="com.actiance.APIs.Recovery" tests="1" failures="0" timestamp="15 Nov 2017 10:28:25 GMT" time="222.112" errors="0">
  <testcase name="NwayChat" time="222.112" classname="com.actiance.APIs.Recovery"/>
</testsuite> <!-- com.actiance.APIs.Recovery -->
