<?xml version="1.0" encoding="UTF-8"?>
<!-- Generated by org.testng.reporters.JUnitReportReporter -->
<testsuite hostname="VKeshri-E7470" name="com.actiance.APIs.TestTestng" tests="1" failures="0" timestamp="16 Nov 2017 06:20:35 GMT" time="106.391" errors="0">
  <testcase name="ChannelConversation" time="106.391" classname="com.actiance.APIs.TestTestng"/>
</testsuite> <!-- com.actiance.APIs.TestTestng -->
