<?xml version="1.0" encoding="UTF-8"?>
<!-- Generated by org.testng.reporters.JUnitReportReporter -->
<testsuite hostname="VKeshri-E7470" name="com.actiance.Teams.Functionality.TestTestng" tests="1" failures="0" timestamp="28 Nov 2017 13:03:09 GMT" time="143.535" errors="0">
  <testcase name="OneChatRoom" time="143.535" classname="com.actiance.Teams.Functionality.TestTestng"/>
</testsuite> <!-- com.actiance.Teams.Functionality.TestTestng -->
