<?xml version="1.0" encoding="UTF-8"?>
<!-- Generated by org.testng.reporters.JUnitReportReporter -->
<testsuite hostname="VKeshri-E7470" name="com.actiance.APIs.SampleTest" tests="1" failures="0" timestamp="15 Nov 2017 14:12:22 GMT" time="221.350" errors="0">
  <testcase name="NwayChat" time="221.350" classname="com.actiance.APIs.SampleTest"/>
</testsuite> <!-- com.actiance.APIs.SampleTest -->
