<?xml version="1.0" encoding="UTF-8"?>
<!-- Generated by org.testng.reporters.JUnitReportReporter -->
<testsuite hostname="Manish-E7470" name="com.actiance.test.exporterNew.tests.ExporterTest" tests="1" failures="0" timestamp="18 Dec 2017 10:35:24 GMT" time="612.715" errors="0">
  <testcase name="testExporter" time="612.715" classname="com.actiance.test.exporterNew.tests.ExporterTest"/>
</testsuite> <!-- com.actiance.test.exporterNew.tests.ExporterTest -->
