<?xml version="1.0" encoding="UTF-8"?>
<!-- Generated by org.testng.reporters.JUnitReportReporter -->
<testsuite hostname="Manish-E7470" name="com.actiance.test.exporterNew.tests.ExporterTest" tests="1" failures="0" timestamp="31 Oct 2017 12:41:46 GMT" time="3071.910" errors="0">
  <testcase name="testExporter" time="3071.910" classname="com.actiance.test.exporterNew.tests.ExporterTest"/>
</testsuite> <!-- com.actiance.test.exporterNew.tests.ExporterTest -->
