<?xml version="1.0" encoding="UTF-8"?>
<!-- Generated by org.testng.reporters.JUnitReportReporter -->
<testsuite skipped="0" hostname="VKeshri-E7470" name="Sample1232.copy.Test333" tests="1" failures="0" timestamp="11 Sep 2017 09:32:07 GMT" time="0.014" errors="0">
  <testcase name="validateInvalidLinks" time="0.014" classname="Sample1232.copy.Test333"/>
</testsuite> <!-- Sample1232.copy.Test333 -->
