<?xml version="1.0" encoding="UTF-8"?>
<!-- Generated by org.testng.reporters.JUnitReportReporter -->
<testsuite skipped="7" hostname="VKeshri-E7470" name="com.actiance.test.vantage.CreateEmployee" tests="8" failures="0" timestamp="13 Sep 2017 10:22:09 GMT" time="19.778" errors="0">
  <testcase name="createExporter" time="19.778" classname="com.actiance.test.vantage.CreateEmployee"/>
  <testcase name="CreateEmp" classname="com.actiance.test.vantage.CreateEmployee">
    <skipped/>
  </testcase> <!-- CreateEmp -->
  <testcase name="CreateImporter" classname="com.actiance.test.vantage.CreateEmployee">
    <skipped/>
  </testcase> <!-- CreateImporter -->
  <testcase name="deletegroup" classname="com.actiance.test.vantage.CreateEmployee">
    <skipped/>
  </testcase> <!-- deletegroup -->
  <testcase name="CreateGroup" classname="com.actiance.test.vantage.CreateEmployee">
    <skipped/>
  </testcase> <!-- CreateGroup -->
  <testcase name="modifiedgroup" classname="com.actiance.test.vantage.CreateEmployee">
    <skipped/>
  </testcase> <!-- modifiedgroup -->
  <testcase name="deleteemployee" classname="com.actiance.test.vantage.CreateEmployee">
    <skipped/>
  </testcase> <!-- deleteemployee -->
  <testcase name="modifiedEmployee" classname="com.actiance.test.vantage.CreateEmployee">
    <skipped/>
  </testcase> <!-- modifiedEmployee -->
</testsuite> <!-- com.actiance.test.vantage.CreateEmployee -->
