<?xml version="1.0" encoding="UTF-8"?>
<!-- Generated by org.testng.reporters.JUnitReportReporter -->
<testsuite skipped="0" hostname="VKeshri-E7470" name="Sample123.VerifyAllLinks2TelX" tests="1" failures="0" timestamp="17 Oct 2017 14:47:24 GMT" time="52.460" errors="0">
  <testcase name="clickonallLinks" time="52.460" classname="Sample123.VerifyAllLinks2TelX"/>
</testsuite> <!-- Sample123.VerifyAllLinks2TelX -->
