<?xml version="1.0" encoding="UTF-8"?>
<!-- Generated by org.testng.reporters.JUnitReportReporter -->
<testsuite skipped="0" hostname="VKeshri-E7470" name="com.actiance.tests.CreatingImporter" tests="1" failures="0" timestamp="09 Jan 2018 06:37:13 GMT" time="33.452" errors="0">
  <testcase name="ImporterSetting" time="33.452" classname="com.actiance.tests.CreatingImporter"/>
</testsuite> <!-- com.actiance.tests.CreatingImporter -->
