<?xml version="1.0" encoding="UTF-8"?>
<!-- Generated by org.testng.reporters.JUnitReportReporter -->
<testsuite skipped="0" hostname="VKeshri-E7470" name="Verifytest" tests="1" failures="0" timestamp="17 Aug 2017 12:55:14 GMT" time="0.000" errors="0">
  <testcase name="sample" time="0.000" classname="Verifytest"/>
</testsuite> <!-- Verifytest -->
