<?xml version="1.0" encoding="UTF-8"?>
<!-- Generated by org.testng.reporters.JUnitReportReporter -->
<testsuite skipped="0" hostname="VKeshri-E7470" name="Sample123.VerifyTest" tests="1" failures="0" timestamp="23 Aug 2017 05:46:33 GMT" time="0.012" errors="0">
  <testcase name="display" time="0.012" classname="Sample123.VerifyTest"/>
</testsuite> <!-- Sample123.VerifyTest -->
