<?xml version="1.0" encoding="UTF-8"?>
<!-- Generated by org.testng.reporters.JUnitReportReporter -->
<testsuite skipped="0" hostname="VKeshri-E7470" name="com.actiance.test.vantage.CreateModifiyDelete" tests="8" failures="0" timestamp="11 Oct 2017 11:25:50 GMT" time="113.198" errors="0">
  <testcase name="CreateEmp" time="12.740" classname="com.actiance.test.vantage.CreateModifiyDelete"/>
  <testcase name="CreateGroup" time="19.632" classname="com.actiance.test.vantage.CreateModifiyDelete"/>
  <testcase name="createExporter" time="14.647" classname="com.actiance.test.vantage.CreateModifiyDelete"/>
  <testcase name="modifiedEmployee" time="10.582" classname="com.actiance.test.vantage.CreateModifiyDelete"/>
  <testcase name="modifiedgroup" time="11.769" classname="com.actiance.test.vantage.CreateModifiyDelete"/>
  <testcase name="CreateImporter" time="19.091" classname="com.actiance.test.vantage.CreateModifiyDelete"/>
  <testcase name="deleteemployee" time="12.436" classname="com.actiance.test.vantage.CreateModifiyDelete"/>
  <testcase name="deletegroup" time="12.301" classname="com.actiance.test.vantage.CreateModifiyDelete"/>
</testsuite> <!-- com.actiance.test.vantage.CreateModifiyDelete -->
