<?xml version="1.0" encoding="UTF-8"?>
<!-- Generated by org.testng.reporters.JUnitReportReporter -->
<testsuite skipped="0" hostname="VKeshri-E7470" name="com.actiance.tests.CreateImporter" tests="1" failures="0" timestamp="10 Jan 2018 05:59:21 GMT" time="20.832" errors="0">
  <testcase name="ImporterSetting" time="20.832" classname="com.actiance.tests.CreateImporter"/>
</testsuite> <!-- com.actiance.tests.CreateImporter -->
